Using pre-set license
Built from '2020.3/staging' branch; Version is '2020.3.32f1 (12f8b0834f07) revision 1243312'; Using compiler version '192528614'; Build Type 'Release'
OS: 'Windows 10  (10.0.19044) 64bit Education' Language: 'de' Physical Memory: 16322 MB
BatchMode: 1, IsHumanControllingUs: 0, StartBugReporterOnCrash: 0, Is64bit: 1, IsPro: 0

COMMAND LINE ARGUMENTS:
C:\Program Files\Unity\Hub\Editor\2020.3.32f1\Editor\Unity.exe
-adb2
-batchMode
-noUpm
-name
AssetImportWorker0
-projectPath
E:/Arbeiten/GitHub/DelayTheInevitable/DelayTheInevitable
-logFile
Logs/AssetImportWorker0.log
-srvPort
53507
Successfully changed project path to: E:/Arbeiten/GitHub/DelayTheInevitable/DelayTheInevitable
E:/Arbeiten/GitHub/DelayTheInevitable/DelayTheInevitable
Using Asset Import Pipeline V2.
Refreshing native plugins compatible for Editor in 24.88 ms, found 2 plugins.
Preloading 0 native plugins for Editor in 0.00 ms.
Initialize engine version: 2020.3.32f1 (12f8b0834f07)
[Subsystems] Discovering subsystems at path C:/Program Files/Unity/Hub/Editor/2020.3.32f1/Editor/Data/Resources/UnitySubsystems
[Subsystems] Discovering subsystems at path E:/Arbeiten/GitHub/DelayTheInevitable/DelayTheInevitable/Assets
GfxDevice: creating device client; threaded=0
Direct3D:
    Version:  Direct3D 11.0 [level 11.1]
    Renderer: NVIDIA GeForce GTX 1070 Ti (ID=0x1b82)
    Vendor:   
    VRAM:     8079 MB
    Driver:   30.0.14.7212
Initialize mono
Mono path[0] = 'C:/Program Files/Unity/Hub/Editor/2020.3.32f1/Editor/Data/Managed'
Mono path[1] = 'C:/Program Files/Unity/Hub/Editor/2020.3.32f1/Editor/Data/MonoBleedingEdge/lib/mono/unityjit'
Mono config path = 'C:/Program Files/Unity/Hub/Editor/2020.3.32f1/Editor/Data/MonoBleedingEdge/etc'
Using monoOptions --debugger-agent=transport=dt_socket,embedding=1,server=y,suspend=n,address=127.0.0.1:56848
Begin MonoManager ReloadAssembly
Registering precompiled unity dll's ...
Register platform support module: C:/Program Files/Unity/Hub/Editor/2020.3.32f1/Editor/Data/PlaybackEngines/WindowsStandaloneSupport/UnityEditor.WindowsStandalone.Extensions.dll
Registered in 0.002155 seconds.
Native extension for WindowsStandalone target not found
Refreshing native plugins compatible for Editor in 24.83 ms, found 2 plugins.
Preloading 0 native plugins for Editor in 0.00 ms.
Mono: successfully reloaded assembly
- Completed reload, in  0.536 seconds
Domain Reload Profiling:
	ReloadAssembly (536ms)
		BeginReloadAssembly (60ms)
			ExecutionOrderSort (0ms)
			DisableScriptedObjects (0ms)
			BackupInstance (0ms)
			ReleaseScriptingObjects (0ms)
			CreateAndSetChildDomain (1ms)
		EndReloadAssembly (411ms)
			LoadAssemblies (58ms)
			RebuildTransferFunctionScriptingTraits (0ms)
			SetupTypeCache (129ms)
			ReleaseScriptCaches (0ms)
			RebuildScriptCaches (30ms)
			SetupLoadedEditorAssemblies (147ms)
				LogAssemblyErrors (0ms)
				InitializePlatformSupportModulesInManaged (4ms)
				SetLoadedEditorAssemblies (0ms)
				RefreshPlugins (25ms)
				BeforeProcessingInitializeOnLoad (13ms)
				ProcessInitializeOnLoadAttributes (80ms)
				ProcessInitializeOnLoadMethodAttributes (24ms)
				AfterProcessingInitializeOnLoad (0ms)
				EditorAssembliesLoaded (0ms)
			ExecutionOrderSort2 (0ms)
			AwakeInstancesAfterBackupRestoration (0ms)
Platform modules already initialized, skipping
Registering precompiled user dll's ...
Registered in 0.001878 seconds.
Begin MonoManager ReloadAssembly
Native extension for WindowsStandalone target not found
Refreshing native plugins compatible for Editor in 0.31 ms, found 2 plugins.
Preloading 0 native plugins for Editor in 0.00 ms.
Mono: successfully reloaded assembly
- Completed reload, in  0.918 seconds
Domain Reload Profiling:
	ReloadAssembly (918ms)
		BeginReloadAssembly (145ms)
			ExecutionOrderSort (0ms)
			DisableScriptedObjects (6ms)
			BackupInstance (0ms)
			ReleaseScriptingObjects (0ms)
			CreateAndSetChildDomain (17ms)
		EndReloadAssembly (720ms)
			LoadAssemblies (84ms)
			RebuildTransferFunctionScriptingTraits (0ms)
			SetupTypeCache (249ms)
			ReleaseScriptCaches (0ms)
			RebuildScriptCaches (42ms)
			SetupLoadedEditorAssemblies (277ms)
				LogAssemblyErrors (0ms)
				InitializePlatformSupportModulesInManaged (4ms)
				SetLoadedEditorAssemblies (0ms)
				RefreshPlugins (0ms)
				BeforeProcessingInitializeOnLoad (70ms)
				ProcessInitializeOnLoadAttributes (187ms)
				ProcessInitializeOnLoadMethodAttributes (8ms)
				AfterProcessingInitializeOnLoad (7ms)
				EditorAssembliesLoaded (0ms)
			ExecutionOrderSort2 (0ms)
			AwakeInstancesAfterBackupRestoration (6ms)
Platform modules already initialized, skipping
========================================================================
Worker process is ready to serve import requests
Launched and connected shader compiler UnityShaderCompiler.exe after 0.04 seconds
Refreshing native plugins compatible for Editor in 0.44 ms, found 2 plugins.
Preloading 0 native plugins for Editor in 0.00 ms.
Unloading 1506 Unused Serialized files (Serialized files now loaded: 0)
System memory in use before: 68.6 MB.
System memory in use after: 68.6 MB.

Unloading 16 unused Assets to reduce memory usage. Loaded Objects now: 1942.
Total: 2.589300 ms (FindLiveObjects: 0.115300 ms CreateObjectMapping: 0.039900 ms MarkObjects: 2.377400 ms  DeleteObjects: 0.056000 ms)

AssetImportParameters requested are different than current active one (requested -> active):
  custom:framework-win-MediaFoundation: 216162199b28c13a410421893ffa2e32 -> 
  custom:video-decoder-ogg-theora: a1e56fd34408186e4bbccfd4996cb3dc -> 
  custom:container-muxer-webm: aa71ff27fc2769a1b78a27578f13a17b -> 
  custom:container-demuxer-webm: 4f35f7cbe854078d1ac9338744f61a02 -> 
  custom:container-demuxer-ogg: 62fdf1f143b41e24485cea50d1cbac27 -> 
  custom:video-encoder-webm-vp8: eb34c28f22e8b96e1ab97ce403110664 -> 
  custom:video-decoder-webm-vp8: 9c59270c3fd7afecdb556c50c9e8de78 -> 
  custom:audio-decoder-ogg-vorbis: bf7c407c2cedff20999df2af8eb42d56 -> 
  custom:audio-encoder-webm-vorbis: bf7c407c2cedff20999df2af8eb42d56 -> 
========================================================================
Received Import Request.
  path: Assets
  artifactKey: Guid(00000000000000001000000000000000) Importer(815301076,1909f56bfc062723c751e8b465ee728b)
Start importing Assets using Guid(00000000000000001000000000000000) Importer(815301076,1909f56bfc062723c751e8b465ee728b)  -> (artifact id: '42d402b061de3733987d63b9cc3b64de') in 0.006241 seconds 
========================================================================
Received Import Request.
  Time since last request: 1.833306 seconds.
  path: Assets/Materials
  artifactKey: Guid(d6df9a9acc0b2124eb4290a24fdb7401) Importer(815301076,1909f56bfc062723c751e8b465ee728b)
Start importing Assets/Materials using Guid(d6df9a9acc0b2124eb4290a24fdb7401) Importer(815301076,1909f56bfc062723c751e8b465ee728b)  -> (artifact id: '77ead621b38bd5509f489533c77c04f0') in 0.004886 seconds 
========================================================================
Received Import Request.
  Time since last request: 3.284489 seconds.
  path: Assets/Scripts
  artifactKey: Guid(f1c1d3ce037f5ce4f9a2a9c932f868da) Importer(815301076,1909f56bfc062723c751e8b465ee728b)
Start importing Assets/Scripts using Guid(f1c1d3ce037f5ce4f9a2a9c932f868da) Importer(815301076,1909f56bfc062723c751e8b465ee728b)  -> (artifact id: '45a30b64a127bc8ed5f5bdcfd078c786') in 0.005114 seconds 
========================================================================
Received Import Request.
  Time since last request: 4.194495 seconds.
  path: Assets/Textures
  artifactKey: Guid(17e4dc22f2a14b641a2f08785b38f6e0) Importer(815301076,1909f56bfc062723c751e8b465ee728b)
Start importing Assets/Textures using Guid(17e4dc22f2a14b641a2f08785b38f6e0) Importer(815301076,1909f56bfc062723c751e8b465ee728b)  -> (artifact id: '87972b9f38cc04b969ce67d81f166e45') in 0.005062 seconds 
========================================================================
Received Import Request.
  Time since last request: 11.885770 seconds.
  path: Assets/Materials/Office
  artifactKey: Guid(b5ea46f44a6bf4e47998168801d44645) Importer(815301076,1909f56bfc062723c751e8b465ee728b)
Start importing Assets/Materials/Office using Guid(b5ea46f44a6bf4e47998168801d44645) Importer(815301076,1909f56bfc062723c751e8b465ee728b)  -> (artifact id: '258364348f43996326d328ded724892e') in 0.005008 seconds 
========================================================================
Received Import Request.
  Time since last request: 12.067918 seconds.
  path: Assets/Materials/Office/Desk.mat
  artifactKey: Guid(b28a0982466fc5649b4be21bc46856b8) Importer(815301076,1909f56bfc062723c751e8b465ee728b)
Start importing Assets/Materials/Office/Desk.mat using Guid(b28a0982466fc5649b4be21bc46856b8) Importer(815301076,1909f56bfc062723c751e8b465ee728b)  -> (artifact id: '30d014fa876b0bbb65b1c933a4dead4d') in 0.120283 seconds 
========================================================================
Received Import Request.
  Time since last request: 90.714019 seconds.
  path: Assets/Textures/Office
  artifactKey: Guid(9310a52132101234b98ce274dcfc514c) Importer(815301076,1909f56bfc062723c751e8b465ee728b)
Start importing Assets/Textures/Office using Guid(9310a52132101234b98ce274dcfc514c) Importer(815301076,1909f56bfc062723c751e8b465ee728b)  -> (artifact id: '881460318a5ae86bae765715efcc3743') in 0.001460 seconds 
========================================================================
Received Import Request.
  Time since last request: 13.217966 seconds.
  path: Assets/Textures/Office/Unbenannt.png
  artifactKey: Guid(2ccb54abe4009434d87df9b2d05a6582) Importer(815301076,1909f56bfc062723c751e8b465ee728b)
Start importing Assets/Textures/Office/Unbenannt.png using Guid(2ccb54abe4009434d87df9b2d05a6582) Importer(815301076,1909f56bfc062723c751e8b465ee728b)  -> (artifact id: '8d53300234f4257f2a025f6f51c94374') in 0.075267 seconds 
========================================================================
Received Import Request.
  Time since last request: 5.716755 seconds.
  path: Assets/Textures/Office/Unbenannt.png
  artifactKey: Guid(2ccb54abe4009434d87df9b2d05a6582) Importer(815301076,1909f56bfc062723c751e8b465ee728b)
Start importing Assets/Textures/Office/Unbenannt.png using Guid(2ccb54abe4009434d87df9b2d05a6582) Importer(815301076,1909f56bfc062723c751e8b465ee728b)  -> (artifact id: '8a5139a682b9b4f7a838eee931d844ff') in 0.045260 seconds 
========================================================================
Received Import Request.
  Time since last request: 289.703584 seconds.
  path: Assets/Materials/Office/PC.mat
  artifactKey: Guid(dbfa0a7d02f37e4428e6948e6eeac3c6) Importer(815301076,1909f56bfc062723c751e8b465ee728b)
Start importing Assets/Materials/Office/PC.mat using Guid(dbfa0a7d02f37e4428e6948e6eeac3c6) Importer(815301076,1909f56bfc062723c751e8b465ee728b)  -> (artifact id: '844ba900019c5e625e4567546707131f') in 0.010686 seconds 
========================================================================
Received Import Request.
  Time since last request: 464.369744 seconds.
  path: Assets/Materials/Office/OfficeWalls.mat
  artifactKey: Guid(386654b73afef6840bf7900bb01bacfb) Importer(815301076,1909f56bfc062723c751e8b465ee728b)
Start importing Assets/Materials/Office/OfficeWalls.mat using Guid(386654b73afef6840bf7900bb01bacfb) Importer(815301076,1909f56bfc062723c751e8b465ee728b)  -> (artifact id: '7efb101dc0b4dabc435b1cf383c43db1') in 0.010425 seconds 
========================================================================
Received Import Request.
  Time since last request: 301.516564 seconds.
  path: Assets/Materials/Office/Desk.mat
  artifactKey: Guid(b28a0982466fc5649b4be21bc46856b8) Importer(815301076,1909f56bfc062723c751e8b465ee728b)
Start importing Assets/Materials/Office/Desk.mat using Guid(b28a0982466fc5649b4be21bc46856b8) Importer(815301076,1909f56bfc062723c751e8b465ee728b)  -> (artifact id: 'f0c1bcdaebd6e1a8529f965084c777d8') in 0.014950 seconds 
========================================================================
Received Import Request.
  Time since last request: 0.000245 seconds.
  path: Assets/Materials/Office/OfficeWalls.mat
  artifactKey: Guid(386654b73afef6840bf7900bb01bacfb) Importer(815301076,1909f56bfc062723c751e8b465ee728b)
Start importing Assets/Materials/Office/OfficeWalls.mat using Guid(386654b73afef6840bf7900bb01bacfb) Importer(815301076,1909f56bfc062723c751e8b465ee728b)  -> (artifact id: '736a57b00eaa4140fcad4ce628550943') in 0.017289 seconds 
========================================================================
Received Import Request.
  Time since last request: 0.000185 seconds.
  path: Assets/Materials/Office/PC.mat
  artifactKey: Guid(dbfa0a7d02f37e4428e6948e6eeac3c6) Importer(815301076,1909f56bfc062723c751e8b465ee728b)
Start importing Assets/Materials/Office/PC.mat using Guid(dbfa0a7d02f37e4428e6948e6eeac3c6) Importer(815301076,1909f56bfc062723c751e8b465ee728b)  -> (artifact id: 'e54ec2a933b2777e83eb2e250b70c816') in 0.014631 seconds 
========================================================================
Received Prepare
Registering precompiled user dll's ...
Registered in 0.002226 seconds.
Begin MonoManager ReloadAssembly
Native extension for WindowsStandalone target not found
Refreshing native plugins compatible for Editor in 0.28 ms, found 2 plugins.
Preloading 0 native plugins for Editor in 0.00 ms.
Mono: successfully reloaded assembly
- Completed reload, in  0.874 seconds
Domain Reload Profiling:
	ReloadAssembly (875ms)
		BeginReloadAssembly (110ms)
			ExecutionOrderSort (0ms)
			DisableScriptedObjects (4ms)
			BackupInstance (0ms)
			ReleaseScriptingObjects (0ms)
			CreateAndSetChildDomain (30ms)
		EndReloadAssembly (712ms)
			LoadAssemblies (83ms)
			RebuildTransferFunctionScriptingTraits (0ms)
			SetupTypeCache (233ms)
			ReleaseScriptCaches (1ms)
			RebuildScriptCaches (40ms)
			SetupLoadedEditorAssemblies (280ms)
				LogAssemblyErrors (0ms)
				InitializePlatformSupportModulesInManaged (4ms)
				SetLoadedEditorAssemblies (0ms)
				RefreshPlugins (0ms)
				BeforeProcessingInitializeOnLoad (68ms)
				ProcessInitializeOnLoadAttributes (190ms)
				ProcessInitializeOnLoadMethodAttributes (9ms)
				AfterProcessingInitializeOnLoad (7ms)
				EditorAssembliesLoaded (0ms)
			ExecutionOrderSort2 (0ms)
			AwakeInstancesAfterBackupRestoration (6ms)
Platform modules already initialized, skipping
Refreshing native plugins compatible for Editor in 0.33 ms, found 2 plugins.
Preloading 0 native plugins for Editor in 0.00 ms.
Unloading 1500 Unused Serialized files (Serialized files now loaded: 0)
System memory in use before: 72.1 MB.
System memory in use after: 72.2 MB.

Unloading 11 unused Assets to reduce memory usage. Loaded Objects now: 1991.
Total: 2.422300 ms (FindLiveObjects: 0.131300 ms CreateObjectMapping: 0.053700 ms MarkObjects: 2.217200 ms  DeleteObjects: 0.019200 ms)

AssetImportParameters requested are different than current active one (requested -> active):
  custom:framework-win-MediaFoundation: 216162199b28c13a410421893ffa2e32 -> 
  custom:video-decoder-ogg-theora: a1e56fd34408186e4bbccfd4996cb3dc -> 
  custom:container-muxer-webm: aa71ff27fc2769a1b78a27578f13a17b -> 
  custom:container-demuxer-webm: 4f35f7cbe854078d1ac9338744f61a02 -> 
  custom:container-demuxer-ogg: 62fdf1f143b41e24485cea50d1cbac27 -> 
  custom:video-encoder-webm-vp8: eb34c28f22e8b96e1ab97ce403110664 -> 
  custom:video-decoder-webm-vp8: 9c59270c3fd7afecdb556c50c9e8de78 -> 
  custom:audio-decoder-ogg-vorbis: bf7c407c2cedff20999df2af8eb42d56 -> 
  custom:audio-encoder-webm-vorbis: bf7c407c2cedff20999df2af8eb42d56 -> 
========================================================================
Received Import Request.
  Time since last request: 298.056468 seconds.
  path: Assets/Materials/Office/New Lighting Settings.lighting
  artifactKey: Guid(c4cb582765e3c1e45a9d13c2c29034a9) Importer(815301076,1909f56bfc062723c751e8b465ee728b)
Start importing Assets/Materials/Office/New Lighting Settings.lighting using Guid(c4cb582765e3c1e45a9d13c2c29034a9) Importer(815301076,1909f56bfc062723c751e8b465ee728b)  -> (artifact id: 'ed56629f5d49fd24994d8130c949534b') in 0.018711 seconds 
========================================================================
Received Import Request.
  Time since last request: 234.440551 seconds.
  path: Assets/Textures/Office/Desk.png
  artifactKey: Guid(31f082002e67a2946997b1caec362cc5) Importer(815301076,1909f56bfc062723c751e8b465ee728b)
Start importing Assets/Textures/Office/Desk.png using Guid(31f082002e67a2946997b1caec362cc5) Importer(815301076,1909f56bfc062723c751e8b465ee728b)  -> (artifact id: 'd045b57f63e4e99809ef33bcdd32b365') in 0.027355 seconds 
========================================================================
Received Import Request.
  Time since last request: 3.932647 seconds.
  path: Assets/Textures/Office/Desk.png
  artifactKey: Guid(31f082002e67a2946997b1caec362cc5) Importer(815301076,1909f56bfc062723c751e8b465ee728b)
Start importing Assets/Textures/Office/Desk.png using Guid(31f082002e67a2946997b1caec362cc5) Importer(815301076,1909f56bfc062723c751e8b465ee728b)  -> (artifact id: 'fcd511c349fcca950b19c1eb175eee51') in 0.025679 seconds 
========================================================================
Received Import Request.
  Time since last request: 360.403831 seconds.
  path: Assets/Materials/Office/Desk.mat
  artifactKey: Guid(b28a0982466fc5649b4be21bc46856b8) Importer(815301076,1909f56bfc062723c751e8b465ee728b)
Start importing Assets/Materials/Office/Desk.mat using Guid(b28a0982466fc5649b4be21bc46856b8) Importer(815301076,1909f56bfc062723c751e8b465ee728b)  -> (artifact id: '10b0c0c5d928dbb3db7eef81e21f5d1f') in 0.037469 seconds 
========================================================================
Received Import Request.
  Time since last request: 0.000158 seconds.
  path: Assets/Materials/Office/PC.mat
  artifactKey: Guid(dbfa0a7d02f37e4428e6948e6eeac3c6) Importer(815301076,1909f56bfc062723c751e8b465ee728b)
Start importing Assets/Materials/Office/PC.mat using Guid(dbfa0a7d02f37e4428e6948e6eeac3c6) Importer(815301076,1909f56bfc062723c751e8b465ee728b)  -> (artifact id: 'c766973fe61d52ad0be272023a8bce3f') in 0.007874 seconds 
========================================================================
Received Import Request.
  Time since last request: 234.207027 seconds.
  path: Assets/Scenes/Main/ReflectionProbe-0.exr
  artifactKey: Guid(afe4210b40df4b4448cb31c0f1c9ea60) Importer(815301076,1909f56bfc062723c751e8b465ee728b)
Start importing Assets/Scenes/Main/ReflectionProbe-0.exr using Guid(afe4210b40df4b4448cb31c0f1c9ea60) Importer(815301076,1909f56bfc062723c751e8b465ee728b)  -> (artifact id: 'e753622631fe934accda52234467509b') in 0.030753 seconds 
========================================================================
Received Import Request.
  Time since last request: 380.966663 seconds.
  path: Assets/Materials/Office/Desk.mat
  artifactKey: Guid(b28a0982466fc5649b4be21bc46856b8) Importer(815301076,1909f56bfc062723c751e8b465ee728b)
Start importing Assets/Materials/Office/Desk.mat using Guid(b28a0982466fc5649b4be21bc46856b8) Importer(815301076,1909f56bfc062723c751e8b465ee728b)  -> (artifact id: '418d614ecec9d1bb7a115903b9fa8e93') in 0.036691 seconds 
========================================================================
Received Import Request.
  Time since last request: 0.000201 seconds.
  path: Assets/Materials/Office/PC.mat
  artifactKey: Guid(dbfa0a7d02f37e4428e6948e6eeac3c6) Importer(815301076,1909f56bfc062723c751e8b465ee728b)
Start importing Assets/Materials/Office/PC.mat using Guid(dbfa0a7d02f37e4428e6948e6eeac3c6) Importer(815301076,1909f56bfc062723c751e8b465ee728b)  -> (artifact id: 'c2a16125b4523e1fbebd4bd53b1b2c3e') in 0.020306 seconds 
========================================================================
Received Import Request.
  Time since last request: 145.723994 seconds.
  path: Assets/Textures/PCRenderTexture.renderTexture
  artifactKey: Guid(eb2dd98b91f95ab4884a32b5c889085d) Importer(815301076,1909f56bfc062723c751e8b465ee728b)
Start importing Assets/Textures/PCRenderTexture.renderTexture using Guid(eb2dd98b91f95ab4884a32b5c889085d) Importer(815301076,1909f56bfc062723c751e8b465ee728b)  -> (artifact id: 'd85b1e7b57df53da5900f97c508c8ba8') in 0.019496 seconds 
========================================================================
Received Import Request.
  Time since last request: 42.273783 seconds.
  path: Assets/Materials/PCGameScreen.mat
  artifactKey: Guid(ffd2c8bd531e18648b6bb9527826ff57) Importer(815301076,1909f56bfc062723c751e8b465ee728b)
Start importing Assets/Materials/PCGameScreen.mat using Guid(ffd2c8bd531e18648b6bb9527826ff57) Importer(815301076,1909f56bfc062723c751e8b465ee728b)  -> (artifact id: '4f715d4a52bba13cb04909efe1224085') in 0.010879 seconds 
========================================================================
Received Import Request.
  Time since last request: 245.932094 seconds.
  path: Assets/Textures/Office/PC.png
  artifactKey: Guid(e333afe3ba6a2754d804dce8b7767995) Importer(815301076,1909f56bfc062723c751e8b465ee728b)
Start importing Assets/Textures/Office/PC.png using Guid(e333afe3ba6a2754d804dce8b7767995) Importer(815301076,1909f56bfc062723c751e8b465ee728b)  -> (artifact id: 'e9c58042b6d561455de559ce212ca5ca') in 0.010919 seconds 
========================================================================
Received Import Request.
  Time since last request: 43.821407 seconds.
  path: Assets/Textures/Office/PC.png
  artifactKey: Guid(e333afe3ba6a2754d804dce8b7767995) Importer(815301076,1909f56bfc062723c751e8b465ee728b)
Start importing Assets/Textures/Office/PC.png using Guid(e333afe3ba6a2754d804dce8b7767995) Importer(815301076,1909f56bfc062723c751e8b465ee728b)  -> (artifact id: 'd7994f3e699266fc531716c89b03863e') in 0.019668 seconds 
========================================================================
Received Import Request.
  Time since last request: 18.948391 seconds.
  path: Assets/Textures/Office/PC 1.png
  artifactKey: Guid(cf922bb0ef5d65142a0c1f4d9f215f1a) Importer(815301076,1909f56bfc062723c751e8b465ee728b)
Start importing Assets/Textures/Office/PC 1.png using Guid(cf922bb0ef5d65142a0c1f4d9f215f1a) Importer(815301076,1909f56bfc062723c751e8b465ee728b)  -> (artifact id: 'b98813052b5e78e735471a9d7d904fa3') in 0.008919 seconds 
AssetImportWorkerClient::OnTransportError - code=2 error=End of file
